<?xml version="1.0" encoding="UTF-8"?>
<robot generator="Robot 7.3.2 (Python 3.9.13 on win32)" generated="2025-07-29T15:52:54.327553" rpa="false" schemaversion="5">
<suite id="s1" name="Myfirsttestcase" source="C:\Users\sanja\Documents\TestingseleniumRobot\myfirsttestcase.robot">
<test id="s1-t1" name="Search Train in IRCTC" line="79">
<kw name="Open Browser" owner="SeleniumLibrary">
<msg time="2025-07-29T15:52:54.620879" level="INFO">Opening browser 'Chrome' to base url 'https://www.irctc.co.in/nget/train-search'.</msg>
<arg>${URL}</arg>
<arg>${BROWSER}</arg>
<doc>Opens a new browser instance to the optional ``url``.</doc>
<status status="PASS" start="2025-07-29T15:52:54.620879" elapsed="1.925618"/>
</kw>
<kw name="Maximize Browser Window" owner="SeleniumLibrary">
<doc>Maximizes current browser window.</doc>
<status status="PASS" start="2025-07-29T15:52:56.549162" elapsed="18.653046"/>
</kw>
<kw name="Sleep" owner="BuiltIn">
<msg time="2025-07-29T15:53:18.203345" level="INFO">Slept 3 seconds.</msg>
<arg>3s</arg>
<doc>Pauses the test executed for the given time.</doc>
<status status="PASS" start="2025-07-29T15:53:15.202208" elapsed="3.001137"/>
</kw>
<kw name="Click Element" owner="SeleniumLibrary">
<msg time="2025-07-29T15:53:18.204852" level="INFO">Clicking element 'xpath=/html/body/app-root/app-home/div[1]/app-header/p-dialog[2]/div/div/div[2]/div/form/div[2]/button'.</msg>
<arg>xpath=/html/body/app-root/app-home/div[1]/app-header/p-dialog[2]/div/div/div[2]/div/form/div[2]/button</arg>
<doc>Click the element identified by ``locator``.</doc>
<status status="PASS" start="2025-07-29T15:53:18.203345" elapsed="0.135464"/>
</kw>
<kw name="Click Element" owner="SeleniumLibrary">
<msg time="2025-07-29T15:53:18.339808" level="INFO">Clicking element 'xpath=//*[@id="origin"]/span/input'.</msg>
<arg>xpath=//*[@id="origin"]/span/input</arg>
<doc>Click the element identified by ``locator``.</doc>
<status status="PASS" start="2025-07-29T15:53:18.338809" elapsed="0.258644"/>
</kw>
<kw name="Input Text" owner="SeleniumLibrary">
<msg time="2025-07-29T15:53:18.600454" level="INFO">Typing text 'CHENNAI EGMORE - MS' into text field 'xpath=//*[@id="origin"]/span/input'.</msg>
<arg>xpath=//*[@id="origin"]/span/input</arg>
<arg>${FROM_STATION}</arg>
<doc>Types the given ``text`` into the text field identified by ``locator``.</doc>
<status status="PASS" start="2025-07-29T15:53:18.600454" elapsed="0.152974"/>
</kw>
<kw name="Sleep" owner="BuiltIn">
<msg time="2025-07-29T15:53:20.764609" level="INFO">Slept 2 seconds.</msg>
<arg>2s</arg>
<doc>Pauses the test executed for the given time.</doc>
<status status="PASS" start="2025-07-29T15:53:18.753428" elapsed="2.012185"/>
</kw>
<kw name="Press Keys" owner="SeleniumLibrary">
<msg time="2025-07-29T15:53:20.767702" level="INFO">Sending key(s) ('RETURN',) to xpath=//*[@id="origin"]/span/input element.</msg>
<msg time="2025-07-29T15:53:21.101361" level="INFO">Pressing special key RETURN to element.</msg>
<msg time="2025-07-29T15:53:21.101361" level="INFO">Releasing special key RETURN.</msg>
<arg>xpath=//*[@id="origin"]/span/input</arg>
<arg>RETURN</arg>
<doc>Simulates the user pressing key(s) to an element or on the active browser.</doc>
<status status="PASS" start="2025-07-29T15:53:20.766708" elapsed="0.376164"/>
</kw>
<kw name="Click Element" owner="SeleniumLibrary">
<msg time="2025-07-29T15:53:21.142872" level="INFO">Clicking element 'xpath=//*[@id="destination"]/span/input'.</msg>
<arg>xpath=//*[@id="destination"]/span/input</arg>
<doc>Click the element identified by ``locator``.</doc>
<status status="PASS" start="2025-07-29T15:53:21.142872" elapsed="0.282293"/>
</kw>
<kw name="Input Text" owner="SeleniumLibrary">
<msg time="2025-07-29T15:53:21.430497" level="INFO">Typing text 'MADURAI JN - MDU' into text field 'xpath=//*[@id="destination"]/span/input'.</msg>
<arg>xpath=//*[@id="destination"]/span/input</arg>
<arg>${TO_STATION}</arg>
<doc>Types the given ``text`` into the text field identified by ``locator``.</doc>
<status status="PASS" start="2025-07-29T15:53:21.426479" elapsed="0.160101"/>
</kw>
<kw name="Sleep" owner="BuiltIn">
<msg time="2025-07-29T15:53:23.599196" level="INFO">Slept 2 seconds.</msg>
<arg>2s</arg>
<doc>Pauses the test executed for the given time.</doc>
<status status="PASS" start="2025-07-29T15:53:21.587582" elapsed="2.011614"/>
</kw>
<kw name="Press Keys" owner="SeleniumLibrary">
<msg time="2025-07-29T15:53:23.600196" level="INFO">Sending key(s) ('RETURN',) to xpath=//*[@id="destination"]/span/input element.</msg>
<msg time="2025-07-29T15:53:23.913764" level="INFO">Pressing special key RETURN to element.</msg>
<msg time="2025-07-29T15:53:23.913764" level="INFO">Releasing special key RETURN.</msg>
<arg>xpath=//*[@id="destination"]/span/input</arg>
<arg>RETURN</arg>
<doc>Simulates the user pressing key(s) to an element or on the active browser.</doc>
<status status="PASS" start="2025-07-29T15:53:23.600196" elapsed="0.362731"/>
</kw>
<kw name="Click Element" owner="SeleniumLibrary">
<msg time="2025-07-29T15:53:23.964926" level="INFO">Clicking element 'xpath=//*[@id="jDate"]/span/input'.</msg>
<arg>xpath=//*[@id="jDate"]/span/input</arg>
<doc>Click the element identified by ``locator``.</doc>
<status status="PASS" start="2025-07-29T15:53:23.963926" elapsed="0.175908"/>
</kw>
<kw name="Sleep" owner="BuiltIn">
<msg time="2025-07-29T15:53:25.154982" level="INFO">Slept 1 second.</msg>
<arg>1s</arg>
<doc>Pauses the test executed for the given time.</doc>
<status status="PASS" start="2025-07-29T15:53:24.141833" elapsed="1.013149"/>
</kw>
<for flavor="IN RANGE">
<iter>
<kw name="Press Keys" owner="SeleniumLibrary">
<msg time="2025-07-29T15:53:25.159064" level="INFO">Sending key(s) ('BACKSPACE',) to xpath=//*[@id="jDate"]/span/input element.</msg>
<msg time="2025-07-29T15:53:25.486337" level="INFO">Pressing special key BACKSPACE to element.</msg>
<msg time="2025-07-29T15:53:25.486337" level="INFO">Releasing special key BACKSPACE.</msg>
<arg>xpath=//*[@id="jDate"]/span/input</arg>
<arg>BACKSPACE</arg>
<doc>Simulates the user pressing key(s) to an element or on the active browser.</doc>
<status status="PASS" start="2025-07-29T15:53:25.157173" elapsed="0.389574"/>
</kw>
<var name="${i}">0</var>
<status status="PASS" start="2025-07-29T15:53:25.156049" elapsed="0.390698"/>
</iter>
<iter>
<kw name="Press Keys" owner="SeleniumLibrary">
<msg time="2025-07-29T15:53:25.547746" level="INFO">Sending key(s) ('BACKSPACE',) to xpath=//*[@id="jDate"]/span/input element.</msg>
<msg time="2025-07-29T15:53:25.867860" level="INFO">Pressing special key BACKSPACE to element.</msg>
<msg time="2025-07-29T15:53:25.867860" level="INFO">Releasing special key BACKSPACE.</msg>
<arg>xpath=//*[@id="jDate"]/span/input</arg>
<arg>BACKSPACE</arg>
<doc>Simulates the user pressing key(s) to an element or on the active browser.</doc>
<status status="PASS" start="2025-07-29T15:53:25.546747" elapsed="0.337851"/>
</kw>
<var name="${i}">1</var>
<status status="PASS" start="2025-07-29T15:53:25.546747" elapsed="0.337851"/>
</iter>
<iter>
<kw name="Press Keys" owner="SeleniumLibrary">
<msg time="2025-07-29T15:53:25.885619" level="INFO">Sending key(s) ('BACKSPACE',) to xpath=//*[@id="jDate"]/span/input element.</msg>
<msg time="2025-07-29T15:53:26.203447" level="INFO">Pressing special key BACKSPACE to element.</msg>
<msg time="2025-07-29T15:53:26.204447" level="INFO">Releasing special key BACKSPACE.</msg>
<arg>xpath=//*[@id="jDate"]/span/input</arg>
<arg>BACKSPACE</arg>
<doc>Simulates the user pressing key(s) to an element or on the active browser.</doc>
<status status="PASS" start="2025-07-29T15:53:25.885619" elapsed="0.336117"/>
</kw>
<var name="${i}">2</var>
<status status="PASS" start="2025-07-29T15:53:25.884598" elapsed="0.337138"/>
</iter>
<iter>
<kw name="Press Keys" owner="SeleniumLibrary">
<msg time="2025-07-29T15:53:26.223670" level="INFO">Sending key(s) ('BACKSPACE',) to xpath=//*[@id="jDate"]/span/input element.</msg>
<msg time="2025-07-29T15:53:26.552103" level="INFO">Pressing special key BACKSPACE to element.</msg>
<msg time="2025-07-29T15:53:26.552630" level="INFO">Releasing special key BACKSPACE.</msg>
<arg>xpath=//*[@id="jDate"]/span/input</arg>
<arg>BACKSPACE</arg>
<doc>Simulates the user pressing key(s) to an element or on the active browser.</doc>
<status status="PASS" start="2025-07-29T15:53:26.222780" elapsed="0.342610"/>
</kw>
<var name="${i}">3</var>
<status status="PASS" start="2025-07-29T15:53:26.221736" elapsed="0.345030"/>
</iter>
<iter>
<kw name="Press Keys" owner="SeleniumLibrary">
<msg time="2025-07-29T15:53:26.567899" level="INFO">Sending key(s) ('BACKSPACE',) to xpath=//*[@id="jDate"]/span/input element.</msg>
<msg time="2025-07-29T15:53:26.881178" level="INFO">Pressing special key BACKSPACE to element.</msg>
<msg time="2025-07-29T15:53:26.881178" level="INFO">Releasing special key BACKSPACE.</msg>
<arg>xpath=//*[@id="jDate"]/span/input</arg>
<arg>BACKSPACE</arg>
<doc>Simulates the user pressing key(s) to an element or on the active browser.</doc>
<status status="PASS" start="2025-07-29T15:53:26.566766" elapsed="0.330871"/>
</kw>
<var name="${i}">4</var>
<status status="PASS" start="2025-07-29T15:53:26.566766" elapsed="0.330871"/>
</iter>
<iter>
<kw name="Press Keys" owner="SeleniumLibrary">
<msg time="2025-07-29T15:53:26.899637" level="INFO">Sending key(s) ('BACKSPACE',) to xpath=//*[@id="jDate"]/span/input element.</msg>
<msg time="2025-07-29T15:53:27.228843" level="INFO">Pressing special key BACKSPACE to element.</msg>
<msg time="2025-07-29T15:53:27.228843" level="INFO">Releasing special key BACKSPACE.</msg>
<arg>xpath=//*[@id="jDate"]/span/input</arg>
<arg>BACKSPACE</arg>
<doc>Simulates the user pressing key(s) to an element or on the active browser.</doc>
<status status="PASS" start="2025-07-29T15:53:26.898643" elapsed="0.348564"/>
</kw>
<var name="${i}">5</var>
<status status="PASS" start="2025-07-29T15:53:26.898643" elapsed="0.348564"/>
</iter>
<iter>
<kw name="Press Keys" owner="SeleniumLibrary">
<msg time="2025-07-29T15:53:27.249218" level="INFO">Sending key(s) ('BACKSPACE',) to xpath=//*[@id="jDate"]/span/input element.</msg>
<msg time="2025-07-29T15:53:27.571677" level="INFO">Pressing special key BACKSPACE to element.</msg>
<msg time="2025-07-29T15:53:27.572678" level="INFO">Releasing special key BACKSPACE.</msg>
<arg>xpath=//*[@id="jDate"]/span/input</arg>
<arg>BACKSPACE</arg>
<doc>Simulates the user pressing key(s) to an element or on the active browser.</doc>
<status status="PASS" start="2025-07-29T15:53:27.248220" elapsed="0.339181"/>
</kw>
<var name="${i}">6</var>
<status status="PASS" start="2025-07-29T15:53:27.247207" elapsed="0.340194"/>
</iter>
<iter>
<kw name="Press Keys" owner="SeleniumLibrary">
<msg time="2025-07-29T15:53:27.589412" level="INFO">Sending key(s) ('BACKSPACE',) to xpath=//*[@id="jDate"]/span/input element.</msg>
<msg time="2025-07-29T15:53:27.900003" level="INFO">Pressing special key BACKSPACE to element.</msg>
<msg time="2025-07-29T15:53:27.900003" level="INFO">Releasing special key BACKSPACE.</msg>
<arg>xpath=//*[@id="jDate"]/span/input</arg>
<arg>BACKSPACE</arg>
<doc>Simulates the user pressing key(s) to an element or on the active browser.</doc>
<status status="PASS" start="2025-07-29T15:53:27.588427" elapsed="0.325060"/>
</kw>
<var name="${i}">7</var>
<status status="PASS" start="2025-07-29T15:53:27.588427" elapsed="0.325060"/>
</iter>
<iter>
<kw name="Press Keys" owner="SeleniumLibrary">
<msg time="2025-07-29T15:53:27.915793" level="INFO">Sending key(s) ('BACKSPACE',) to xpath=//*[@id="jDate"]/span/input element.</msg>
<msg time="2025-07-29T15:53:28.241721" level="INFO">Pressing special key BACKSPACE to element.</msg>
<msg time="2025-07-29T15:53:28.242719" level="INFO">Releasing special key BACKSPACE.</msg>
<arg>xpath=//*[@id="jDate"]/span/input</arg>
<arg>BACKSPACE</arg>
<doc>Simulates the user pressing key(s) to an element or on the active browser.</doc>
<status status="PASS" start="2025-07-29T15:53:27.914781" elapsed="0.345895"/>
</kw>
<var name="${i}">8</var>
<status status="PASS" start="2025-07-29T15:53:27.914781" elapsed="0.345895"/>
</iter>
<iter>
<kw name="Press Keys" owner="SeleniumLibrary">
<msg time="2025-07-29T15:53:28.262690" level="INFO">Sending key(s) ('BACKSPACE',) to xpath=//*[@id="jDate"]/span/input element.</msg>
<msg time="2025-07-29T15:53:28.585982" level="INFO">Pressing special key BACKSPACE to element.</msg>
<msg time="2025-07-29T15:53:28.585982" level="INFO">Releasing special key BACKSPACE.</msg>
<arg>xpath=//*[@id="jDate"]/span/input</arg>
<arg>BACKSPACE</arg>
<doc>Simulates the user pressing key(s) to an element or on the active browser.</doc>
<status status="PASS" start="2025-07-29T15:53:28.261691" elapsed="0.346831"/>
</kw>
<var name="${i}">9</var>
<status status="PASS" start="2025-07-29T15:53:28.261691" elapsed="0.346831"/>
</iter>
<var>${i}</var>
<value>10</value>
<status status="PASS" start="2025-07-29T15:53:25.156049" elapsed="3.453574"/>
</for>
<kw name="Press Keys" owner="SeleniumLibrary">
<msg time="2025-07-29T15:53:28.614185" level="INFO">Sending key(s) ('30/08/2025',) to xpath=//*[@id="jDate"]/span/input element.</msg>
<msg time="2025-07-29T15:53:28.929748" level="INFO">Sending keys 30/08/2025</msg>
<arg>xpath=//*[@id="jDate"]/span/input</arg>
<arg>${JOURNEY_DATE}</arg>
<doc>Simulates the user pressing key(s) to an element or on the active browser.</doc>
<status status="PASS" start="2025-07-29T15:53:28.610525" elapsed="0.418084"/>
</kw>
<kw name="Press Keys" owner="SeleniumLibrary">
<msg time="2025-07-29T15:53:29.030608" level="INFO">Sending key(s) ('TAB',) to xpath=//*[@id="jDate"]/span/input element.</msg>
<msg time="2025-07-29T15:53:29.346585" level="INFO">Pressing special key TAB to element.</msg>
<msg time="2025-07-29T15:53:29.346585" level="INFO">Releasing special key TAB.</msg>
<arg>xpath=//*[@id="jDate"]/span/input</arg>
<arg>TAB</arg>
<doc>Simulates the user pressing key(s) to an element or on the active browser.</doc>
<status status="PASS" start="2025-07-29T15:53:29.029701" elapsed="0.331632"/>
</kw>
<kw name="Sleep" owner="BuiltIn">
<msg time="2025-07-29T15:53:31.369244" level="INFO">Slept 2 seconds.</msg>
<arg>2s</arg>
<doc>Pauses the test executed for the given time.</doc>
<status status="PASS" start="2025-07-29T15:53:29.362351" elapsed="2.006893"/>
</kw>
<kw name="Click Element" owner="SeleniumLibrary">
<msg time="2025-07-29T15:53:31.371251" level="INFO">Clicking element 'xpath=//span[contains(text(),'GENERAL')]'.</msg>
<arg>xpath=//span[contains(text(),'GENERAL')]</arg>
<doc>Click the element identified by ``locator``.</doc>
<status status="PASS" start="2025-07-29T15:53:31.370248" elapsed="0.124316"/>
</kw>
<kw name="Sleep" owner="BuiltIn">
<msg time="2025-07-29T15:53:32.494881" level="INFO">Slept 1 second.</msg>
<arg>1s</arg>
<doc>Pauses the test executed for the given time.</doc>
<status status="PASS" start="2025-07-29T15:53:31.494564" elapsed="1.001698"/>
</kw>
<kw name="Click Element" owner="SeleniumLibrary">
<msg time="2025-07-29T15:53:32.497290" level="INFO">Clicking element 'xpath=//span[text()='TATKAL']'.</msg>
<arg>xpath=//span[text()='TATKAL']</arg>
<doc>Click the element identified by ``locator``.</doc>
<status status="PASS" start="2025-07-29T15:53:32.497290" elapsed="0.141758"/>
</kw>
<kw name="Click Element" owner="SeleniumLibrary">
<msg time="2025-07-29T15:53:32.643639" level="INFO">Clicking element 'xpath=//span[contains(text(),'All Classes')]'.</msg>
<arg>xpath=//span[contains(text(),'All Classes')]</arg>
<doc>Click the element identified by ``locator``.</doc>
<status status="PASS" start="2025-07-29T15:53:32.643639" elapsed="0.227471"/>
</kw>
<kw name="Sleep" owner="BuiltIn">
<msg time="2025-07-29T15:53:33.877590" level="INFO">Slept 1 second.</msg>
<arg>1s</arg>
<doc>Pauses the test executed for the given time.</doc>
<status status="PASS" start="2025-07-29T15:53:32.873166" elapsed="1.006285"/>
</kw>
<kw name="Click Element" owner="SeleniumLibrary">
<msg time="2025-07-29T15:53:33.881535" level="INFO">Clicking element 'xpath=//span[text()='Sleeper (SL)']'.</msg>
<arg>xpath=//span[text()='Sleeper (SL)']</arg>
<doc>Click the element identified by ``locator``.</doc>
<status status="PASS" start="2025-07-29T15:53:33.880510" elapsed="0.133678"/>
</kw>
<kw name="Click Button" owner="SeleniumLibrary">
<msg time="2025-07-29T15:53:34.015358" level="INFO">Clicking button 'xpath=//button[contains(text(), 'Search')]'.</msg>
<arg>xpath=//button[contains(text(), 'Search')]</arg>
<doc>Clicks the button identified by ``locator``.</doc>
<status status="PASS" start="2025-07-29T15:53:34.015358" elapsed="0.180918"/>
</kw>
<kw name="Sleep" owner="BuiltIn">
<msg time="2025-07-29T15:53:39.215628" level="INFO">Slept 5 seconds.</msg>
<arg>5s</arg>
<doc>Pauses the test executed for the given time.</doc>
<status status="PASS" start="2025-07-29T15:53:34.197318" elapsed="5.018310"/>
</kw>
<kw name="Close Browser" owner="SeleniumLibrary">
<doc>Closes the current browser.</doc>
<status status="PASS" start="2025-07-29T15:53:39.216729" elapsed="2.619762"/>
</kw>
<status status="PASS" start="2025-07-29T15:52:54.620879" elapsed="47.217637"/>
</test>
<status status="PASS" start="2025-07-29T15:52:54.329556" elapsed="47.510497"/>
</suite>
<statistics>
<total>
<stat pass="1" fail="0" skip="0">All Tests</stat>
</total>
<tag>
</tag>
<suite>
<stat name="Myfirsttestcase" id="s1" pass="1" fail="0" skip="0">Myfirsttestcase</stat>
</suite>
</statistics>
<errors>
</errors>
</robot>
